<?xml version="1.0" encoding="UTF-8"?>
<!-- Generated by org.testng.reporters.JUnitXMLReporter -->
<testsuite ignored="0" hostname="Ashok" failures="0" tests="3" name="Surefire test" time="0.094" errors="0" timestamp="2024-11-24T13:36:36 IST">
  <testcase classname="gvpparalleltesting.SmokeTest" name="test1" time="0.01"/>
  <testcase classname="gvpparalleltesting.SmokeTest" name="test2" time="0.001"/>
  <testcase classname="gvpparalleltesting.SmokeTest" name="test3" time="0.003"/>
</testsuite> <!-- Surefire test -->
