<?xml version="1.0" encoding="UTF-8"?>
<!-- Generated by org.testng.reporters.JUnitXMLReporter -->
<testsuite ignored="0" hostname="Ashok" failures="0" tests="3" name="Default test" time="0.089" errors="0" timestamp="2024-11-26T12:02:28 IST">
  <testcase classname="gvpparalleltesting.SmokeTest" name="test1" time="0.013"/>
  <testcase classname="gvpparalleltesting.SmokeTest" name="test2" time="0.003"/>
  <testcase classname="gvpparalleltesting.SmokeTest" name="test3" time="0.001"/>
</testsuite> <!-- Default test -->
