<?xml version="1.0" encoding="UTF-8"?>
<testng-results ignored="0" total="3" passed="3" failed="0" skipped="0">
  <reporter-output>
  </reporter-output>
  <suite started-at="2024-11-24T13:36:36 IST" name="Surefire suite" finished-at="2024-11-24T13:36:36 IST" duration-ms="94">
    <groups>
      <group name="regression">
        <method signature="SmokeTest.test3()[pri:0, instance:gvpparalleltesting.SmokeTest@49912c99]" name="test3" class="gvpparalleltesting.SmokeTest"/>
      </group> <!-- regression -->
      <group name="smoke">
        <method signature="SmokeTest.test1()[pri:0, instance:gvpparalleltesting.SmokeTest@49912c99]" name="test1" class="gvpparalleltesting.SmokeTest"/>
        <method signature="SmokeTest.test2()[pri:0, instance:gvpparalleltesting.SmokeTest@49912c99]" name="test2" class="gvpparalleltesting.SmokeTest"/>
      </group> <!-- smoke -->
      <group name="sanity">
        <method signature="SmokeTest.test2()[pri:0, instance:gvpparalleltesting.SmokeTest@49912c99]" name="test2" class="gvpparalleltesting.SmokeTest"/>
      </group> <!-- sanity -->
    </groups>
    <test started-at="2024-11-24T13:36:36 IST" name="Surefire test" finished-at="2024-11-24T13:36:36 IST" duration-ms="94">
      <class name="gvpparalleltesting.SmokeTest">
        <test-method signature="test1()[pri:0, instance:gvpparalleltesting.SmokeTest@49912c99]" started-at="2024-11-24T13:36:36 IST" name="test1" finished-at="2024-11-24T13:36:36 IST" duration-ms="10" status="PASS">
          <reporter-output>
          </reporter-output>
        </test-method> <!-- test1 -->
        <test-method signature="test2()[pri:0, instance:gvpparalleltesting.SmokeTest@49912c99]" started-at="2024-11-24T13:36:36 IST" name="test2" finished-at="2024-11-24T13:36:36 IST" duration-ms="1" status="PASS">
          <reporter-output>
          </reporter-output>
        </test-method> <!-- test2 -->
        <test-method signature="test3()[pri:0, instance:gvpparalleltesting.SmokeTest@49912c99]" started-at="2024-11-24T13:36:36 IST" name="test3" finished-at="2024-11-24T13:36:36 IST" duration-ms="3" status="PASS">
          <reporter-output>
          </reporter-output>
        </test-method> <!-- test3 -->
      </class> <!-- gvpparalleltesting.SmokeTest -->
    </test> <!-- Surefire test -->
  </suite> <!-- Surefire suite -->
</testng-results>
